make all --print-data-base --no-builtin-variables --no-builtin-rules --question
make: *** No rule to make target 'minishell.o', needed by 'minishell'.  Stop.

# GNU Make 4.2.1
# Built for x86_64-pc-linux-gnu
# Copyright (C) 1988-2016 Free Software Foundation, Inc.
# License GPLv3+: GNU GPL version 3 or later <http://gnu.org/licenses/gpl.html>
# This is free software: you are free to change and redistribute it.
# There is NO WARRANTY, to the extent permitted by law.

# Make data base, printed on Tue Jul 19 08:16:39 2022

# Variables

# 'override' directive
GNUMAKEFLAGS := 
# automatic
<D = $(patsubst %/,%,$(dir $<))
# automatic
?F = $(notdir $?)
# environment
PAPERSIZE = a4
# environment
DESKTOP_SESSION = ubuntu
# default
.SHELLFLAGS := -c
# environment
XDG_SESSION_CLASS = user
# environment
XDG_SESSION_TYPE = x11
# environment
VSCODE_LOG_NATIVE = false
# automatic
?D = $(patsubst %/,%,$(dir $?))
# environment
IM_CONFIG_PHASE = 1
# automatic
@D = $(patsubst %/,%,$(dir $@))
# environment
XAUTHORITY = /run/user/1000/gdm/Xauthority
# environment
GDMSESSION = ubuntu
# environment
XMODIFIERS = @im=ibus
# makefile
CURDIR := /home/ubuntu/42Tokyo/Lv3/minishell
# makefile
SHELL = /bin/sh
# environment
VSCODE_NLS_CONFIG = {"locale":"en-gb","availableLanguages":{},"_languagePackSupport":true}
# environment
_ = /usr/bin/dbus-update-activation-environment
# makefile (from 'Makefile', line 23)
CFLAGS = -Wall -Wextra -Werror
# environment
JOURNAL_STREAM = 8:34613
# environment
XDG_CONFIG_DIRS = /etc/xdg/xdg-ubuntu:/etc/xdg
# environment
STARSHIP_SESSION_KEY = 6680428214060251
# automatic
@F = $(notdir $@)
# environment
GIO_LAUNCHED_DESKTOP_FILE = /usr/share/applications/code.desktop
# environment
USERNAME = ubuntu
# environment
MAKELEVEL := 0
# environment
XDG_DATA_DIRS = /usr/share/ubuntu:/usr/local/share/:/usr/share/:/var/lib/snapd/desktop
# environment
DBUS_SESSION_BUS_ADDRESS = unix:path=/run/user/1000/bus
# environment
VSCODE_VERBOSE_LOGGING = true
# makefile (from 'Makefile', line 20)
OBJS = $(SRCS:.c=.o)
# environment
MANAGERPID = 1940
# environment
VSCODE_IPC_HOOK_EXTHOST = /run/user/1000/vscode-ipc-23aea7cb-d5e0-47ed-9d57-bf50360e1758.sock
# environment
LC_NAME = ja_JP.UTF-8
# environment
VSCODE_CWD = /home/ubuntu
# default
MAKE_HOST := x86_64-pc-linux-gnu
# environment
PATH = /home/ubuntu/.cargo/bin:/home/ubuntu/.local/bin:/usr/local/sbin:/usr/local/bin:/usr/sbin:/usr/bin:/sbin:/bin:/usr/games:/usr/local/games:/snap/bin:/usr/local/go/bin
# environment
GPG_AGENT_INFO = /run/user/1000/gnupg/S.gpg-agent:0:1
# environment
GJS_DEBUG_OUTPUT = stderr
# environment
SESSION_MANAGER = local/ubuntuv:@/tmp/.ICE-unix/2628,unix/ubuntuv:/tmp/.ICE-unix/2628
# environment
XDG_RUNTIME_DIR = /run/user/1000
# makefile (from 'Makefile', line 1)
MAKEFILE_LIST :=  Makefile
# environment
XDG_MENU_PREFIX = gnome-
# environment
VSCODE_LOG_STACK = false
# environment
ELECTRON_RUN_AS_NODE = 1
# environment
INVOCATION_ID = e9cdae9d53c043588b3edd878ffbefff
# makefile (from 'Makefile', line 24)
LDFLAGS = -lreadline -lhistory -L $(shell brew --prefix readline)/lib
# default
.FEATURES := target-specific order-only second-expansion else-if shortest-stem undefine oneshell archives jobserver output-sync check-symlink load
# environment
XDG_SESSION_DESKTOP = ubuntu
# environment
SSH_AUTH_SOCK = /run/user/1000/keyring/ssh
# environment
GIO_LAUNCHED_DESKTOP_FILE_PID = 3881
# automatic
%F = $(notdir $%)
# environment
DISPLAY = :0
# environment
VSCODE_PIPE_LOGGING = true
# environment
PWD = /home/ubuntu/42Tokyo/Lv3/minishell
# default
.LOADED := 
# environment
SSH_AGENT_PID = 2317
# environment
ORIGINAL_XDG_CURRENT_DESKTOP = ubuntu:GNOME
# environment
GTK_MODULES = gail:atk-bridge
# environment
VSCODE_AMD_ENTRYPOINT = vs/workbench/api/node/extensionHostProcess
# environment
HOME = /home/ubuntu
# environment
VSCODE_CODE_CACHE_PATH = /home/ubuntu/.config/Code/CachedData/30d9c6cd9483b2cc586687151bcbcd635f373630
# environment
LOGNAME = ubuntu
# environment
APPLICATION_INSIGHTS_NO_DIAGNOSTIC_CHANNEL = 1
# automatic
+F = $(notdir $+)
# environment
VSCODE_HANDLES_UNCAUGHT_ERRORS = true
# environment
GNOME_DESKTOP_SESSION_ID = this-is-deprecated
# automatic
^D = $(patsubst %/,%,$(dir $^))
# environment
LC_TIME = ja_JP.UTF-8
# default
MAKE = $(MAKE_COMMAND)
# default
MAKECMDGOALS := all
# environment
QT_IM_MODULE = ibus
# makefile (from 'Makefile', line 15)
SRCS = minishell.c utils.c ft_pwd.c parse_command.c minishell_utils.c execute_command.c expansion.c header.c
# environment
SHLVL = 1
# makefile (from 'Makefile', line 22)
CC = gcc
# environment
GNOME_SHELL_SESSION_MODE = ubuntu
# default
MAKE_VERSION := 4.2.1
# environment
USER = ubuntu
# environment
LC_MONETARY = ja_JP.UTF-8
# makefile
.DEFAULT_GOAL := minishell
# environment
XDG_CURRENT_DESKTOP = Unity
# environment
GOROOT = /usr/local/go
# makefile (from 'Makefile', line 13)
NAME = minishell
# automatic
%D = $(patsubst %/,%,$(dir $%))
# environment
LC_TELEPHONE = ja_JP.UTF-8
# default
MAKE_COMMAND := make
# default
.VARIABLES := 
# automatic
*F = $(notdir $*)
# environment
LANGUAGE = en_GB:en
# environment
VSCODE_IPC_HOOK = /run/user/1000/vscode-9415da10-1.68.1-main.sock
# makefile
MAKEFLAGS = pqrR
# environment
MFLAGS = -pqrR
# automatic
*D = $(patsubst %/,%,$(dir $*))
# automatic
+D = $(patsubst %/,%,$(dir $+))
# environment
GDK_BACKEND = x11
# environment
LC_PAPER = ja_JP.UTF-8
# environment
QT_ACCESSIBILITY = 1
# default
MAKEFILES := 
# environment
LC_NUMERIC = ja_JP.UTF-8
# automatic
<F = $(notdir $<)
# environment
LC_MEASUREMENT = ja_JP.UTF-8
# environment
LC_ALL = C
# environment
GJS_DEBUG_TOPICS = JS ERROR;JS LOG
# automatic
^F = $(notdir $^)
# default
SUFFIXES := 
# environment
CHROME_DESKTOP = code-url-handler.desktop
# environment
WINDOWPATH = 2
# default
.INCLUDE_DIRS = /usr/include /usr/local/include /usr/include
# environment
LC_IDENTIFICATION = ja_JP.UTF-8
# default
.RECIPEPREFIX := 
# environment
LC_ADDRESS = ja_JP.UTF-8
# environment
LANG = C
# environment
VSCODE_PID = 3881
# environment
STARSHIP_SHELL = fish
# variable set hash-table stats:
# Load=114/1024=11%, Rehash=0, Collisions=22/143=15%

# Pattern-specific Variable Values

# No pattern-specific variable values.

# Directories

# . (device 2053, inode 3169459): 9 files, no impossibilities.

# 9 files, no impossibilities in 1 directories.

# Implicit Rules

# No implicit rules.

# Files

# Not a target:
expansion.o:
#  Implicit rule search has not been done.
#  Modification time never checked.
#  File has not been updated.

# Not a target:
minishell_utils.o:
#  Implicit rule search has not been done.
#  Modification time never checked.
#  File has not been updated.

all: minishell
#  Phony target (prerequisite of .PHONY).
#  Command line target.
#  Implicit rule search has not been done.
#  File does not exist.
#  File has not been updated.

# Not a target:
execute_command.o:
#  Implicit rule search has not been done.
#  Modification time never checked.
 
#  File has not been updated.

.PHONY: all clean fclean re
#  Implicit rule search has not been done.
#  Modification time never checked.
#  File has not been updated.

# Not a target:
Makefile:
#  Implicit rule search has been done.
#  Last modified 2022-07-18 13:07:31.680591597
#  File has been updated.
#  Successfully updated.

minishell: minishell.o utils.o ft_pwd.o parse_command.o minishell_utils.o execute_command.o expansion.o header.o
#  Implicit rule search has not been done.
#  File does not exist.
#  File has not been updated.
#  recipe to execute (from 'Makefile', line 27):
	$(CC) $(OBJS) $(CFLAGS) $(LDFLAGS) -o $(NAME)

# Not a target:
minishell.o:
#  Implicit rule search has been done.
#  File does not exist.
#  File has not been updated.

fclean: clean
#  Phony target (prerequisite of .PHONY).
#  Implicit rule search has not been done.
#  File does not exist.
#  File has not been updated.
#  recipe to execute (from 'Makefile', line 35):
	rm -rf $(NAME)

# Not a target:
header.o:
#  Implicit rule search has not been done.
#  Modification time never checked.
#  File has not been updated.

# Not a target:
.DEFAULT:
#  Implicit rule search has not been done.
#  Modification time never checked.
#  File has not been updated.

# Not a target:
ft_pwd.o:
#  Implicit rule search has not been done.
#  Modification time never checked.
#  File has not been updated.

re: fclean all
#  Phony target (prerequisite of .PHONY).
#  Implicit rule search has not been done.
#  File does not exist.
#  File has not been updated.

clean:
#  Phony target (prerequisite of .PHONY).
#  Implicit rule search has not been done.
#  File does not exist.
#  File has not been updated.
#  recipe to execute (from 'Makefile', line 32):
	rm -rf $(OBJS)

# Not a target:
utils.o:
#  Implicit rule search has not been done.
#  Modification time never checked.
#  File has not been updated.

# Not a target:
parse_command.o:
#  Implicit rule search has not been done.
#  Modification time never checked.
#  File has not been updated.

# files hash-table stats:
# Load=17/1024=2%, Rehash=0, Collisions=0/44=0%
# VPATH Search Paths

# No 'vpath' search paths.

# No general ('VPATH' variable) search path.

# strcache buffers: 1 (0) / strings = 27 / storage = 248 B / avg = 9 B
# current buf: size = 8162 B / used = 248 B / count = 27 / avg = 9 B

# strcache performance: lookups = 46 / hit rate = 41%
# hash-table stats:
# Load=27/8192=0%, Rehash=0, Collisions=1/46=2%
# Finished Make data base on Tue Jul 19 08:16:39 2022

 
